[0.015s] Invoking command in '/home/francesco/humble_ws/src/Azure_Kinect_ROS_Driver/build/azure_kinect_ros_driver': CMAKE_PREFIX_PATH=${CMAKE_PREFIX_PATH}:/opt/ros/humble /usr/bin/cmake /home/francesco/humble_ws/src/Azure_Kinect_ROS_Driver -DCMAKE_INSTALL_PREFIX=/home/francesco/humble_ws/src/Azure_Kinect_ROS_Driver/install/azure_kinect_ros_driver
[0.061s] -- The C compiler identification is GNU 11.3.0
[0.107s] -- The CXX compiler identification is GNU 11.3.0
[0.113s] -- Detecting C compiler ABI info
[0.171s] -- Detecting C compiler ABI info - done
[0.177s] -- Check for working C compiler: /usr/bin/cc - skipped
[0.177s] -- Detecting C compile features
[0.178s] -- Detecting C compile features - done
[0.180s] -- Detecting CXX compiler ABI info
[0.247s] -- Detecting CXX compiler ABI info - done
[0.253s] -- Check for working CXX compiler: /usr/bin/c++ - skipped
[0.254s] -- Detecting CXX compile features
[0.254s] -- Detecting CXX compile features - done
[0.257s] -- Found ament_cmake: 1.3.3 (/opt/ros/humble/share/ament_cmake/cmake)
[0.412s] -- Found Python3: /usr/bin/python3.10 (found version "3.10.6") found components: Interpreter 
[0.504s] -- Found rclcpp: 16.0.3 (/opt/ros/humble/share/rclcpp/cmake)
[0.561s] -- Found rosidl_generator_c: 3.1.4 (/opt/ros/humble/share/rosidl_generator_c/cmake)
[0.567s] -- Found rosidl_adapter: 3.1.4 (/opt/ros/humble/share/rosidl_adapter/cmake)
[0.577s] -- Found rosidl_generator_cpp: 3.1.4 (/opt/ros/humble/share/rosidl_generator_cpp/cmake)
[0.591s] -- Using all available rosidl_typesupport_c: rosidl_typesupport_fastrtps_c;rosidl_typesupport_introspection_c
[0.612s] -- Using all available rosidl_typesupport_cpp: rosidl_typesupport_fastrtps_cpp;rosidl_typesupport_introspection_cpp
[0.683s] -- Found rmw_implementation_cmake: 6.1.1 (/opt/ros/humble/share/rmw_implementation_cmake/cmake)
[0.686s] -- Found rmw_fastrtps_cpp: 6.2.2 (/opt/ros/humble/share/rmw_fastrtps_cpp/cmake)
[0.775s] -- Found OpenSSL: /usr/lib/x86_64-linux-gnu/libcrypto.so (found version "3.0.2")  
[0.800s] -- Found FastRTPS: /opt/ros/humble/include  
[0.844s] -- Using RMW implementation 'rmw_fastrtps_cpp' as default
[0.856s] -- Looking for pthread.h
[0.918s] -- Looking for pthread.h - found
[0.918s] -- Performing Test CMAKE_HAVE_LIBC_PTHREAD
[0.979s] -- Performing Test CMAKE_HAVE_LIBC_PTHREAD - Success
[0.980s] -- Found Threads: TRUE  
[1.130s] -- Found sensor_msgs: 4.2.3 (/opt/ros/humble/share/sensor_msgs/cmake)
[1.247s] -- Found visualization_msgs: 4.2.3 (/opt/ros/humble/share/visualization_msgs/cmake)
[1.359s] -- Found image_transport: 3.1.5 (/opt/ros/humble/share/image_transport/cmake)
[1.409s] -- Found tf2: 0.25.2 (/opt/ros/humble/share/tf2/cmake)
[1.418s] -- Found tf2_ros: 0.25.2 (/opt/ros/humble/share/tf2_ros/cmake)
[1.733s] -- Found tf2_geometry_msgs: 0.25.2 (/opt/ros/humble/share/tf2_geometry_msgs/cmake)
[1.750s] -- Found eigen3_cmake_module: 0.1.1 (/opt/ros/humble/share/eigen3_cmake_module/cmake)
[1.751s] -- Found Eigen3: TRUE (found version "3.4.0") 
[1.752s] -- Ensuring Eigen3 include directory is part of orocos-kdl CMake target
[1.762s] -- Found cv_bridge: 3.2.1 (/opt/ros/humble/share/cv_bridge/cmake)
[1.779s] -- Found angles: 1.15.0 (/opt/ros/humble/share/angles/cmake)
[1.784s] [0mFinding K4A SDK binaries[0m
[1.795s] -- Body Tracking SDK found: compiling support for Body Tracking
[1.796s] [0mK4A Libs: k4a::k4a;k4a::k4arecord;k4abt::k4abt[0m
[1.796s] [0mK4A DLLs: /usr/lib/x86_64-linux-gnu/libk4a.so.1.4.1;/usr/lib/x86_64-linux-gnu/libk4arecord.so.1.4.1;/usr/lib/libk4abt.so.1.1.2[0m
[1.796s] [0mK4A Install Needed: FALSE[0m
[1.855s] -- Configuring done
[1.868s] -- Generating done
[1.870s] -- Build files have been written to: /home/francesco/humble_ws/src/Azure_Kinect_ROS_Driver/build/azure_kinect_ros_driver
[1.880s] Invoked command in '/home/francesco/humble_ws/src/Azure_Kinect_ROS_Driver/build/azure_kinect_ros_driver' returned '0': CMAKE_PREFIX_PATH=${CMAKE_PREFIX_PATH}:/opt/ros/humble /usr/bin/cmake /home/francesco/humble_ws/src/Azure_Kinect_ROS_Driver -DCMAKE_INSTALL_PREFIX=/home/francesco/humble_ws/src/Azure_Kinect_ROS_Driver/install/azure_kinect_ros_driver
[1.881s] Invoking command in '/home/francesco/humble_ws/src/Azure_Kinect_ROS_Driver/build/azure_kinect_ros_driver': CMAKE_PREFIX_PATH=${CMAKE_PREFIX_PATH}:/opt/ros/humble /usr/bin/cmake --build /home/francesco/humble_ws/src/Azure_Kinect_ROS_Driver/build/azure_kinect_ros_driver -- -j12 -l12
[1.923s] [ 60%] [32mBuilding CXX object CMakeFiles/azure_kinect_ros_driver_node.dir/src/k4a_ros_device.cpp.o[0m
[1.924s] [ 60%] [32mBuilding CXX object CMakeFiles/azure_kinect_ros_driver_node.dir/src/k4a_ros_device_params.cpp.o[0m
[1.924s] [ 60%] [32mBuilding CXX object CMakeFiles/azure_kinect_ros_driver_node.dir/src/k4a_ros_bridge_node.cpp.o[0m
[1.924s] [ 80%] [32mBuilding CXX object CMakeFiles/azure_kinect_ros_driver_node.dir/src/k4a_calibration_transform_data.cpp.o[0m
[4.721s] [01m[K/home/francesco/humble_ws/src/Azure_Kinect_ROS_Driver/src/k4a_ros_device.cpp:[m[K In member function â€˜[01m[Kk4a_result_t K4AROSDevice::getBodyMarker(const k4abt_body_t&, std::shared_ptr<visualization_msgs::msg::Marker_<std::allocator<void> > >, int, rclcpp::Time)[m[Kâ€™:
[4.721s] [01m[K/home/francesco/humble_ws/src/Azure_Kinect_ROS_Driver/src/k4a_ros_device.cpp:771:47:[m[K [01;31m[Kerror: [m[Kno matching function for call to â€˜[01m[Krclcpp::Duration::Duration(double)[m[Kâ€™
[4.721s]   771 |   marker_msg->lifetime = rclcpp::Duration(0.25[01;31m[K)[m[K;
[4.721s]       |                                               [01;31m[K^[m[K
[4.722s] In file included from [01m[K/opt/ros/humble/include/rclcpp/rclcpp/qos.hpp:20[m[K,
[4.722s]                  from [01m[K/opt/ros/humble/include/rclcpp/rclcpp/node_interfaces/node_graph_interface.hpp:32[m[K,
[4.722s]                  from [01m[K/opt/ros/humble/include/rclcpp/rclcpp/client.hpp:42[m[K,
[4.722s]                  from [01m[K/opt/ros/humble/include/rclcpp/rclcpp/callback_group.hpp:24[m[K,
[4.722s]                  from [01m[K/opt/ros/humble/include/rclcpp/rclcpp/node.hpp:40[m[K,
[4.722s]                  from [01m[K/opt/ros/humble/include/image_transport/image_transport/image_transport.hpp:37[m[K,
[4.722s]                  from [01m[K/home/francesco/humble_ws/src/Azure_Kinect_ROS_Driver/include/azure_kinect_ros_driver/k4a_ros_device.h:15[m[K,
[4.722s]                  from [01m[K/home/francesco/humble_ws/src/Azure_Kinect_ROS_Driver/src/k4a_ros_device.cpp:6[m[K:
[4.722s] [01m[K/opt/ros/humble/include/rclcpp/rclcpp/duration.hpp:48:3:[m[K [01;36m[Knote: [m[Kcandidate: â€˜[01m[Ktemplate<class Rep, class Period> rclcpp::Duration::Duration(const std::chrono::duration<_Rep1, _Period1>&)[m[Kâ€™
[4.722s]    48 |   [01;36m[KDuration[m[K(const std::chrono::duration<Rep, Period> & duration)  // NOLINT(runtime/explicit)
[4.723s]       |   [01;36m[K^~~~~~~~[m[K
[4.723s] [01m[K/opt/ros/humble/include/rclcpp/rclcpp/duration.hpp:48:3:[m[K [01;36m[Knote: [m[K  template argument deduction/substitution failed:
[4.723s] [01m[K/home/francesco/humble_ws/src/Azure_Kinect_ROS_Driver/src/k4a_ros_device.cpp:771:47:[m[K [01;36m[Knote: [m[K  mismatched types â€˜[01m[Kconst std::chrono::duration<_Rep1, _Period1>[m[Kâ€™ and â€˜[01m[Kdouble[m[Kâ€™
[4.723s]   771 |   marker_msg->lifetime = rclcpp::Duration(0.25[01;36m[K)[m[K;
[4.723s]       |                                               [01;36m[K^[m[K
[4.723s] In file included from [01m[K/opt/ros/humble/include/rclcpp/rclcpp/qos.hpp:20[m[K,
[4.723s]                  from [01m[K/opt/ros/humble/include/rclcpp/rclcpp/node_interfaces/node_graph_interface.hpp:32[m[K,
[4.723s]                  from [01m[K/opt/ros/humble/include/rclcpp/rclcpp/client.hpp:42[m[K,
[4.723s]                  from [01m[K/opt/ros/humble/include/rclcpp/rclcpp/callback_group.hpp:24[m[K,
[4.723s]                  from [01m[K/opt/ros/humble/include/rclcpp/rclcpp/node.hpp:40[m[K,
[4.724s]                  from [01m[K/opt/ros/humble/include/image_transport/image_transport/image_transport.hpp:37[m[K,
[4.724s]                  from [01m[K/home/francesco/humble_ws/src/Azure_Kinect_ROS_Driver/include/azure_kinect_ros_driver/k4a_ros_device.h:15[m[K,
[4.724s]                  from [01m[K/home/francesco/humble_ws/src/Azure_Kinect_ROS_Driver/src/k4a_ros_device.cpp:6[m[K:
[4.724s] [01m[K/opt/ros/humble/include/rclcpp/rclcpp/duration.hpp:151:3:[m[K [01;36m[Knote: [m[Kcandidate: â€˜[01m[Krclcpp::Duration::Duration()[m[Kâ€™
[4.724s]   151 |   [01;36m[KDuration[m[K() = default;
[4.724s]       |   [01;36m[K^~~~~~~~[m[K
[4.724s] [01m[K/opt/ros/humble/include/rclcpp/rclcpp/duration.hpp:151:3:[m[K [01;36m[Knote: [m[K  candidate expects 0 arguments, 1 provided
[4.724s] [01m[K/opt/ros/humble/include/rclcpp/rclcpp/duration.hpp:61:3:[m[K [01;36m[Knote: [m[Kcandidate: â€˜[01m[Krclcpp::Duration::Duration(const rclcpp::Duration&)[m[Kâ€™
[4.724s]    61 |   [01;36m[KDuration[m[K(const Duration & rhs);
[4.724s]       |   [01;36m[K^~~~~~~~[m[K
[4.724s] [01m[K/opt/ros/humble/include/rclcpp/rclcpp/duration.hpp:61:29:[m[K [01;36m[Knote: [m[K  no known conversion for argument 1 from â€˜[01m[Kdouble[m[Kâ€™ to â€˜[01m[Kconst rclcpp::Duration&[m[Kâ€™
[4.725s]    61 |   Duration([01;36m[Kconst Duration & rhs[m[K);
[4.725s]       |            [01;36m[K~~~~~~~~~~~~~~~~~^~~[m[K
[4.725s] [01m[K/opt/ros/humble/include/rclcpp/rclcpp/duration.hpp:59:12:[m[K [01;36m[Knote: [m[Kcandidate: â€˜[01m[Krclcpp::Duration::Duration(const rcl_duration_t&)[m[Kâ€™
[4.725s]    59 |   explicit [01;36m[KDuration[m[K(const rcl_duration_t & duration);
[4.725s]       |            [01;36m[K^~~~~~~~[m[K
[4.725s] [01m[K/opt/ros/humble/include/rclcpp/rclcpp/duration.hpp:59:44:[m[K [01;36m[Knote: [m[K  no known conversion for argument 1 from â€˜[01m[Kdouble[m[Kâ€™ to â€˜[01m[Kconst rcl_duration_t&[m[Kâ€™ {aka â€˜[01m[Kconst rcl_duration_s&[m[Kâ€™}
[4.725s]    59 |   explicit Duration([01;36m[Kconst rcl_duration_t & duration[m[K);
[4.725s]       |                     [01;36m[K~~~~~~~~~~~~~~~~~~~~~~~^~~~~~~~[m[K
[4.725s] [01m[K/opt/ros/humble/include/rclcpp/rclcpp/duration.hpp:53:3:[m[K [01;36m[Knote: [m[Kcandidate: â€˜[01m[Krclcpp::Duration::Duration(const Duration&)[m[Kâ€™
[4.725s]    53 |   [01;36m[KDuration[m[K(const builtin_interfaces::msg::Duration & duration_msg);  // NOLINT(runtime/explicit)
[4.726s]       |   [01;36m[K^~~~~~~~[m[K
[4.726s] [01m[K/opt/ros/humble/include/rclcpp/rclcpp/duration.hpp:53:54:[m[K [01;36m[Knote: [m[K  no known conversion for argument 1 from â€˜[01m[Kdouble[m[Kâ€™ to â€˜[01m[Kconst Duration&[m[Kâ€™ {aka â€˜[01m[Kconst builtin_interfaces::msg::Duration_<std::allocator<void> >&[m[Kâ€™}
[4.726s]    53 |   Duration([01;36m[Kconst builtin_interfaces::msg::Duration & duration_msg[m[K);  // NOLINT(runtime/explicit)
[4.726s]       |            [01;36m[K~~~~~~~~~~~~~~~~~~~~~~~~~~~~~~~~~~~~~~~~~~^~~~~~~~~~~~[m[K
[4.726s] [01m[K/opt/ros/humble/include/rclcpp/rclcpp/duration.hpp:42:12:[m[K [01;36m[Knote: [m[Kcandidate: â€˜[01m[Krclcpp::Duration::Duration(std::chrono::nanoseconds)[m[Kâ€™
[4.726s]    42 |   explicit [01;36m[KDuration[m[K(std::chrono::nanoseconds nanoseconds);
[4.726s]       |            [01;36m[K^~~~~~~~[m[K
[4.726s] [01m[K/opt/ros/humble/include/rclcpp/rclcpp/duration.hpp:42:46:[m[K [01;36m[Knote: [m[K  no known conversion for argument 1 from â€˜[01m[Kdouble[m[Kâ€™ to â€˜[01m[Kstd::chrono::nanoseconds[m[Kâ€™ {aka â€˜[01m[Kstd::chrono::duration<long int, std::ratio<1, 1000000000> >[m[Kâ€™}
[4.726s]    42 |   explicit Duration([01;36m[Kstd::chrono::nanoseconds nanoseconds[m[K);
[4.726s]       |                     [01;36m[K~~~~~~~~~~~~~~~~~~~~~~~~~^~~~~~~~~~~[m[K
[4.727s] [01m[K/opt/ros/humble/include/rclcpp/rclcpp/duration.hpp:39:3:[m[K [01;36m[Knote: [m[Kcandidate: â€˜[01m[Krclcpp::Duration::Duration(int32_t, uint32_t)[m[Kâ€™
[4.727s]    39 |   [01;36m[KDuration[m[K(int32_t seconds, uint32_t nanoseconds);
[4.727s]       |   [01;36m[K^~~~~~~~[m[K
[4.727s] [01m[K/opt/ros/humble/include/rclcpp/rclcpp/duration.hpp:39:3:[m[K [01;36m[Knote: [m[K  candidate expects 2 arguments, 1 provided
[6.393s] gmake[2]: *** [CMakeFiles/azure_kinect_ros_driver_node.dir/build.make:90: CMakeFiles/azure_kinect_ros_driver_node.dir/src/k4a_ros_device.cpp.o] Error 1
[6.393s] gmake[1]: *** [CMakeFiles/Makefile2:137: CMakeFiles/azure_kinect_ros_driver_node.dir/all] Error 2
[6.393s] gmake: *** [Makefile:146: all] Error 2
[6.395s] Invoked command in '/home/francesco/humble_ws/src/Azure_Kinect_ROS_Driver/build/azure_kinect_ros_driver' returned '2': CMAKE_PREFIX_PATH=${CMAKE_PREFIX_PATH}:/opt/ros/humble /usr/bin/cmake --build /home/francesco/humble_ws/src/Azure_Kinect_ROS_Driver/build/azure_kinect_ros_driver -- -j12 -l12
